Build started 11/21/2012 18:15:12.
     1>Project "E:\USC_Project\Kinect_SmartPhone\SkeletalViewer\SkeletalViewer.vcxproj" on node 2 (build target(s)).
     1>InitializeBuildStatus:
         Creating "Debug\SkeletalViewer.unsuccessfulbuild" because "AlwaysCreate" was specified.
       ClCompile:
         C:\Program Files (x86)\Microsoft Visual Studio 10.0\VC\bin\CL.exe /c /ZI /nologo /W3 /WX- /Od /Oy- /D WIN32 /D _DEBUG /D _WINDOWS /D _UNICODE /D UNICODE /Gm /EHsc /RTC1 /MTd /GS /fp:precise /Zc:wchar_t /Zc:forScope /Yc"StdAfx.h" /Fp"Debug\SkeletalViewer.pch" /Fo"Debug\\" /Fd"Debug\vc100.pdb" /Gd /TP /analyze- /errorReport:prompt stdafx.cpp
         stdafx.cpp
         C:\Program Files (x86)\Microsoft Visual Studio 10.0\VC\bin\CL.exe /c /ZI /nologo /W3 /WX- /Od /Oy- /D WIN32 /D _DEBUG /D _WINDOWS /D _UNICODE /D UNICODE /Gm /EHsc /RTC1 /MTd /GS /fp:precise /Zc:wchar_t /Zc:forScope /Yu"StdAfx.h" /Fp"Debug\SkeletalViewer.pch" /Fo"Debug\\" /Fd"Debug\vc100.pdb" /Gd /TP /analyze- /errorReport:prompt DrawDevice.cpp ImageProcessor.cpp NuiImpl.cpp SkeletalViewer.cpp
         SkeletalViewer.cpp
     1>c:\program files (x86)\microsoft visual studio 10.0\vc\include\cstdio(48): warning C4995: 'gets': name was marked as #pragma deprecated
     1>c:\program files (x86)\microsoft visual studio 10.0\vc\include\cstdio(52): warning C4995: 'sprintf': name was marked as #pragma deprecated
     1>c:\program files (x86)\microsoft visual studio 10.0\vc\include\cstdio(55): warning C4995: 'vsprintf': name was marked as #pragma deprecated
     1>c:\program files (x86)\microsoft visual studio 10.0\vc\include\cstring(21): warning C4995: 'strcat': name was marked as #pragma deprecated
     1>c:\program files (x86)\microsoft visual studio 10.0\vc\include\cstring(22): warning C4995: 'strcpy': name was marked as #pragma deprecated
     1>c:\program files (x86)\microsoft visual studio 10.0\vc\include\cwchar(30): warning C4995: 'swprintf': name was marked as #pragma deprecated
     1>c:\program files (x86)\microsoft visual studio 10.0\vc\include\cwchar(31): warning C4995: 'vswprintf': name was marked as #pragma deprecated
     1>c:\program files (x86)\microsoft visual studio 10.0\vc\include\cwchar(33): warning C4995: 'wcscat': name was marked as #pragma deprecated
     1>c:\program files (x86)\microsoft visual studio 10.0\vc\include\cwchar(35): warning C4995: 'wcscpy': name was marked as #pragma deprecated
     1>c:\program files (x86)\microsoft visual studio 10.0\vc\include\string(757): warning C4995: 'swprintf': name was marked as #pragma deprecated
     1>c:\program files (x86)\microsoft visual studio 10.0\vc\include\string(766): warning C4995: 'swprintf': name was marked as #pragma deprecated
     1>c:\program files (x86)\microsoft visual studio 10.0\vc\include\string(775): warning C4995: 'swprintf': name was marked as #pragma deprecated
     1>e:\usc_project\kinect_smartphone\skeletalviewer\skeletalviewer.cpp(645): warning C4996: 'fopen': This function or variable may be unsafe. Consider using fopen_s instead. To disable deprecation, use _CRT_SECURE_NO_WARNINGS. See online help for details.
                 c:\program files (x86)\microsoft visual studio 10.0\vc\include\stdio.h(234) : see declaration of 'fopen'
     1>e:\usc_project\kinect_smartphone\skeletalviewer\skeletalviewer.cpp(669): warning C4996: 'fopen': This function or variable may be unsafe. Consider using fopen_s instead. To disable deprecation, use _CRT_SECURE_NO_WARNINGS. See online help for details.
                 c:\program files (x86)\microsoft visual studio 10.0\vc\include\stdio.h(234) : see declaration of 'fopen'
     1>e:\usc_project\kinect_smartphone\skeletalviewer\skeletalviewer.cpp(777): warning C4996: 'fopen': This function or variable may be unsafe. Consider using fopen_s instead. To disable deprecation, use _CRT_SECURE_NO_WARNINGS. See online help for details.
                 c:\program files (x86)\microsoft visual studio 10.0\vc\include\stdio.h(234) : see declaration of 'fopen'
         NuiImpl.cpp
     1>e:\usc_project\kinect_smartphone\skeletalviewer\nuiimpl.cpp(1184): warning C4995: 'sprintf': name was marked as #pragma deprecated
     1>e:\usc_project\kinect_smartphone\skeletalviewer\nuiimpl.cpp(1184): warning C4996: 'sprintf': This function or variable may be unsafe. Consider using sprintf_s instead. To disable deprecation, use _CRT_SECURE_NO_WARNINGS. See online help for details.
                 c:\program files (x86)\microsoft visual studio 10.0\vc\include\stdio.h(371) : see declaration of 'sprintf'
         ImageProcessor.cpp
         DrawDevice.cpp
         Generating Code...
       ResourceCompile:
         C:\Program Files (x86)\Microsoft SDKs\Windows\v7.0A\bin\rc.exe /D _UNICODE /D UNICODE /l"0x0409" /nologo /fo"Debug\SkeletalViewer.res" SkeletalViewer.rc 
       ManifestResourceCompile:
         C:\Program Files (x86)\Microsoft SDKs\Windows\v7.0A\bin\rc.exe /nologo /fo"Debug\SkeletalViewer.exe.embed.manifest.res" Debug\SkeletalViewer_manifest.rc 
       Link:
         C:\Program Files (x86)\Microsoft Visual Studio 10.0\VC\bin\link.exe /ERRORREPORT:PROMPT /OUT:"E:\USC_Project\Kinect_SmartPhone\SkeletalViewer\Debug\SkeletalViewer.exe" /INCREMENTAL /NOLOGO kernel32.lib user32.lib gdi32.lib gdiplus.lib winspool.lib comdlg32.lib advapi32.lib shell32.lib ole32.lib oleaut32.lib uuid.lib odbc32.lib odbccp32.lib Kinect10.lib kernel32.lib user32.lib gdi32.lib winspool.lib comdlg32.lib advapi32.lib shell32.lib ole32.lib oleaut32.lib uuid.lib odbc32.lib odbccp32.lib /MANIFEST /ManifestFile:"Debug\SkeletalViewer.exe.intermediate.manifest" /MANIFESTUAC:"level='asInvoker' uiAccess='false'" /DEBUG /PDB:"E:\USC_Project\Kinect_SmartPhone\SkeletalViewer\Debug\SkeletalViewer.pdb" /SUBSYSTEM:WINDOWS /STACK:"10000000","10000000" /TLBID:1 /DYNAMICBASE /NXCOMPAT /IMPLIB:"E:\USC_Project\Kinect_SmartPhone\SkeletalViewer\Debug\SkeletalViewer.lib" /MACHINE:X86 Debug\SkeletalViewer.res
         Debug\SkeletalViewer.exe.embed.manifest.res
         Debug\DrawDevice.obj
         Debug\ImageProcessor.obj
         Debug\NuiImpl.obj
         Debug\SkeletalViewer.obj
         Debug\stdafx.obj
       Manifest:
         Deleting file "Debug\SkeletalViewer.exe.embed.manifest".
         C:\Program Files (x86)\Microsoft SDKs\Windows\v7.0A\bin\mt.exe /nologo /verbose /out:"Debug\SkeletalViewer.exe.embed.manifest" /manifest Debug\SkeletalViewer.exe.intermediate.manifest
         C:\Program Files (x86)\Microsoft SDKs\Windows\v7.0A\bin\rc.exe /nologo /fo"Debug\SkeletalViewer.exe.embed.manifest.res" Debug\SkeletalViewer_manifest.rc 
       LinkEmbedManifest:
         C:\Program Files (x86)\Microsoft Visual Studio 10.0\VC\bin\link.exe /ERRORREPORT:PROMPT /OUT:"E:\USC_Project\Kinect_SmartPhone\SkeletalViewer\Debug\SkeletalViewer.exe" /INCREMENTAL /NOLOGO kernel32.lib user32.lib gdi32.lib gdiplus.lib winspool.lib comdlg32.lib advapi32.lib shell32.lib ole32.lib oleaut32.lib uuid.lib odbc32.lib odbccp32.lib Kinect10.lib kernel32.lib user32.lib gdi32.lib winspool.lib comdlg32.lib advapi32.lib shell32.lib ole32.lib oleaut32.lib uuid.lib odbc32.lib odbccp32.lib /MANIFEST /ManifestFile:"Debug\SkeletalViewer.exe.intermediate.manifest" /MANIFESTUAC:"level='asInvoker' uiAccess='false'" /DEBUG /PDB:"E:\USC_Project\Kinect_SmartPhone\SkeletalViewer\Debug\SkeletalViewer.pdb" /SUBSYSTEM:WINDOWS /STACK:"10000000","10000000" /TLBID:1 /DYNAMICBASE /NXCOMPAT /IMPLIB:"E:\USC_Project\Kinect_SmartPhone\SkeletalViewer\Debug\SkeletalViewer.lib" /MACHINE:X86 Debug\SkeletalViewer.res
         Debug\SkeletalViewer.exe.embed.manifest.res
         Debug\DrawDevice.obj
         Debug\ImageProcessor.obj
         Debug\NuiImpl.obj
         Debug\SkeletalViewer.obj
         Debug\stdafx.obj
         SkeletalViewer.vcxproj -> E:\USC_Project\Kinect_SmartPhone\SkeletalViewer\Debug\SkeletalViewer.exe
       FinalizeBuildStatus:
         Deleting file "Debug\SkeletalViewer.unsuccessfulbuild".
         Touching "Debug\SkeletalViewer.lastbuildstate".
     1>Done Building Project "E:\USC_Project\Kinect_SmartPhone\SkeletalViewer\SkeletalViewer.vcxproj" (build target(s)).

Build succeeded.

Time Elapsed 00:00:16.58
