E:\USC_Project\Kinect_SmartPhone\SkeletalViewer\Debug\cl.command.1.tlog
E:\USC_Project\Kinect_SmartPhone\SkeletalViewer\Debug\CL.read.1.tlog
E:\USC_Project\Kinect_SmartPhone\SkeletalViewer\Debug\CL.write.1.tlog
E:\USC_PROJECT\KINECT_SMARTPHONE\SKELETALVIEWER\DEBUG\DRAWDEVICE.OBJ
E:\USC_PROJECT\KINECT_SMARTPHONE\SKELETALVIEWER\DEBUG\IMAGEPROCESSOR.OBJ
E:\USC_Project\Kinect_SmartPhone\SkeletalViewer\Debug\link.command.1.tlog
E:\USC_Project\Kinect_SmartPhone\SkeletalViewer\Debug\link.read.1.tlog
E:\USC_Project\Kinect_SmartPhone\SkeletalViewer\Debug\link.write.1.tlog
E:\USC_Project\Kinect_SmartPhone\SkeletalViewer\Debug\link-cvtres.read.1.tlog
E:\USC_Project\Kinect_SmartPhone\SkeletalViewer\Debug\link-cvtres.write.1.tlog
E:\USC_Project\Kinect_SmartPhone\SkeletalViewer\Debug\mt.command.1.tlog
E:\USC_Project\Kinect_SmartPhone\SkeletalViewer\Debug\mt.read.1.tlog
E:\USC_Project\Kinect_SmartPhone\SkeletalViewer\Debug\mt.write.1.tlog
E:\USC_PROJECT\KINECT_SMARTPHONE\SKELETALVIEWER\DEBUG\NUIIMPL.OBJ
E:\USC_Project\Kinect_SmartPhone\SkeletalViewer\Debug\rc.command.1.tlog
E:\USC_Project\Kinect_SmartPhone\SkeletalViewer\Debug\rc.read.1.tlog
E:\USC_Project\Kinect_SmartPhone\SkeletalViewer\Debug\rc.write.1.tlog
E:\USC_PROJECT\KINECT_SMARTPHONE\SKELETALVIEWER\DEBUG\SKELETALVIEWER.EXE
E:\USC_PROJECT\KINECT_SMARTPHONE\SKELETALVIEWER\DEBUG\SKELETALVIEWER.EXE.EMBED.MANIFEST
E:\USC_PROJECT\KINECT_SMARTPHONE\SKELETALVIEWER\DEBUG\SKELETALVIEWER.EXE.EMBED.MANIFEST.RES
E:\USC_PROJECT\KINECT_SMARTPHONE\SKELETALVIEWER\DEBUG\SKELETALVIEWER.EXE.INTERMEDIATE.MANIFEST
E:\USC_PROJECT\KINECT_SMARTPHONE\SKELETALVIEWER\DEBUG\SKELETALVIEWER.ILK
E:\USC_PROJECT\KINECT_SMARTPHONE\SKELETALVIEWER\DEBUG\SKELETALVIEWER.OBJ
E:\USC_PROJECT\KINECT_SMARTPHONE\SKELETALVIEWER\DEBUG\SKELETALVIEWER.PCH
E:\USC_PROJECT\KINECT_SMARTPHONE\SKELETALVIEWER\DEBUG\SKELETALVIEWER.PDB
E:\USC_PROJECT\KINECT_SMARTPHONE\SKELETALVIEWER\DEBUG\SKELETALVIEWER.RES
E:\USC_Project\Kinect_SmartPhone\SkeletalViewer\Debug\SkeletalViewer_manifest.rc
E:\USC_PROJECT\KINECT_SMARTPHONE\SKELETALVIEWER\DEBUG\STDAFX.OBJ
E:\USC_Project\Kinect_SmartPhone\SkeletalViewer\Debug\vc100.idb
E:\USC_PROJECT\KINECT_SMARTPHONE\SKELETALVIEWER\DEBUG\VC100.PDB
