E:\KinectProject\SkeletalViewer\Release\cl.command.1.tlog
E:\KinectProject\SkeletalViewer\Release\CL.read.1.tlog
E:\KinectProject\SkeletalViewer\Release\CL.write.1.tlog
E:\KINECTPROJECT\SKELETALVIEWER\RELEASE\DRAWDEVICE.OBJ
E:\KINECTPROJECT\SKELETALVIEWER\RELEASE\IMAGEPROCESSOR.OBJ
E:\KinectProject\SkeletalViewer\Release\link.command.1.tlog
E:\KinectProject\SkeletalViewer\Release\link.read.1.tlog
E:\KinectProject\SkeletalViewer\Release\link.write.1.tlog
E:\KinectProject\SkeletalViewer\Release\link-cvtres.read.1.tlog
E:\KinectProject\SkeletalViewer\Release\link-cvtres.write.1.tlog
E:\KinectProject\SkeletalViewer\Release\mt.command.1.tlog
E:\KinectProject\SkeletalViewer\Release\mt.read.1.tlog
E:\KinectProject\SkeletalViewer\Release\mt.write.1.tlog
E:\KINECTPROJECT\SKELETALVIEWER\RELEASE\NUIIMPL.OBJ
E:\KinectProject\SkeletalViewer\Release\rc.command.1.tlog
E:\KinectProject\SkeletalViewer\Release\rc.read.1.tlog
E:\KinectProject\SkeletalViewer\Release\rc.write.1.tlog
E:\KINECTPROJECT\SKELETALVIEWER\RELEASE\SKELETALVIEWER.EXE
E:\KINECTPROJECT\SKELETALVIEWER\RELEASE\SKELETALVIEWER.EXE.INTERMEDIATE.MANIFEST
E:\KINECTPROJECT\SKELETALVIEWER\RELEASE\SKELETALVIEWER.OBJ
E:\KINECTPROJECT\SKELETALVIEWER\RELEASE\SKELETALVIEWER.PCH
E:\KINECTPROJECT\SKELETALVIEWER\RELEASE\SKELETALVIEWER.PDB
E:\KINECTPROJECT\SKELETALVIEWER\RELEASE\SKELETALVIEWER.RES
E:\KINECTPROJECT\SKELETALVIEWER\RELEASE\STDAFX.OBJ
E:\KINECTPROJECT\SKELETALVIEWER\RELEASE\VC100.PDB
